[debug] [2025-05-20T20:48:07.310Z] ----------------------------------------------------------------------
[debug] [2025-05-20T20:48:07.319Z] Command:       C:\Program Files\nodejs\node.exe C:\Users\Khadka\AppData\Roaming\npm\node_modules\firebase-tools\lib\bin\firebase.js deploy --only functions
[debug] [2025-05-20T20:48:07.320Z] CLI Version:   14.4.0
[debug] [2025-05-20T20:48:07.320Z] Platform:      win32
[debug] [2025-05-20T20:48:07.321Z] Node Version:  v22.14.0
[debug] [2025-05-20T20:48:07.322Z] Time:          Tue May 20 2025 16:48:07 GMT-0400 (Eastern Daylight Time)
[debug] [2025-05-20T20:48:07.322Z] ----------------------------------------------------------------------
[debug] 
[debug] [2025-05-20T20:48:08.005Z] > command requires scopes: ["email","openid","https://www.googleapis.com/auth/cloudplatformprojects.readonly","https://www.googleapis.com/auth/firebase","https://www.googleapis.com/auth/cloud-platform"]
[debug] [2025-05-20T20:48:08.006Z] > authorizing via signed-in user (shristikhadka0988@gmail.com)
[debug] [2025-05-20T20:48:08.007Z] [iam] checking project rnauth-5e5c0 for permissions ["cloudfunctions.functions.create","cloudfunctions.functions.delete","cloudfunctions.functions.get","cloudfunctions.functions.list","cloudfunctions.functions.update","cloudfunctions.operations.get","firebase.projects.get"]
[debug] [2025-05-20T20:48:08.011Z] Checked if tokens are valid: false, expires at: 1747773739327
[debug] [2025-05-20T20:48:08.011Z] Checked if tokens are valid: false, expires at: 1747773739327
[debug] [2025-05-20T20:48:08.012Z] > refreshing access token with scopes: []
[debug] [2025-05-20T20:48:08.017Z] >>> [apiv2][query] POST https://www.googleapis.com/oauth2/v3/token [none]
[debug] [2025-05-20T20:48:08.017Z] >>> [apiv2][body] POST https://www.googleapis.com/oauth2/v3/token [omitted]
[debug] [2025-05-20T20:48:08.423Z] <<< [apiv2][status] POST https://www.googleapis.com/oauth2/v3/token 200
[debug] [2025-05-20T20:48:08.423Z] <<< [apiv2][body] POST https://www.googleapis.com/oauth2/v3/token [omitted]
[debug] [2025-05-20T20:48:08.448Z] >>> [apiv2][query] POST https://cloudresourcemanager.googleapis.com/v1/projects/rnauth-5e5c0:testIamPermissions [none]
[debug] [2025-05-20T20:48:08.448Z] >>> [apiv2][(partial)header] POST https://cloudresourcemanager.googleapis.com/v1/projects/rnauth-5e5c0:testIamPermissions x-goog-quota-user=projects/rnauth-5e5c0
[debug] [2025-05-20T20:48:08.449Z] >>> [apiv2][body] POST https://cloudresourcemanager.googleapis.com/v1/projects/rnauth-5e5c0:testIamPermissions {"permissions":["cloudfunctions.functions.create","cloudfunctions.functions.delete","cloudfunctions.functions.get","cloudfunctions.functions.list","cloudfunctions.functions.update","cloudfunctions.operations.get","firebase.projects.get"]}
[debug] [2025-05-20T20:48:08.703Z] <<< [apiv2][status] POST https://cloudresourcemanager.googleapis.com/v1/projects/rnauth-5e5c0:testIamPermissions 200
[debug] [2025-05-20T20:48:08.703Z] <<< [apiv2][body] POST https://cloudresourcemanager.googleapis.com/v1/projects/rnauth-5e5c0:testIamPermissions {"permissions":["cloudfunctions.functions.create","cloudfunctions.functions.delete","cloudfunctions.functions.get","cloudfunctions.functions.list","cloudfunctions.functions.update","cloudfunctions.operations.get","firebase.projects.get"]}
[debug] [2025-05-20T20:48:08.704Z] Checked if tokens are valid: true, expires at: 1747777687423
[debug] [2025-05-20T20:48:08.704Z] Checked if tokens are valid: true, expires at: 1747777687423
[debug] [2025-05-20T20:48:08.705Z] >>> [apiv2][query] POST https://iam.googleapis.com/v1/projects/rnauth-5e5c0/serviceAccounts/rnauth-5e5c0@appspot.gserviceaccount.com:testIamPermissions [none]
[debug] [2025-05-20T20:48:08.705Z] >>> [apiv2][body] POST https://iam.googleapis.com/v1/projects/rnauth-5e5c0/serviceAccounts/rnauth-5e5c0@appspot.gserviceaccount.com:testIamPermissions {"permissions":["iam.serviceAccounts.actAs"]}
[debug] [2025-05-20T20:48:08.902Z] <<< [apiv2][status] POST https://iam.googleapis.com/v1/projects/rnauth-5e5c0/serviceAccounts/rnauth-5e5c0@appspot.gserviceaccount.com:testIamPermissions 200
[debug] [2025-05-20T20:48:08.903Z] <<< [apiv2][body] POST https://iam.googleapis.com/v1/projects/rnauth-5e5c0/serviceAccounts/rnauth-5e5c0@appspot.gserviceaccount.com:testIamPermissions {"permissions":["iam.serviceAccounts.actAs"]}
[info] 
[info] === Deploying to 'rnauth-5e5c0'...
[info] 
[info] i  deploying functions 
[info] Running command: npm --prefix "$RESOURCE_DIR" run lint
[info] Running command: npm --prefix "$RESOURCE_DIR" run build
[info] +  functions: Finished running predeploy script. 
[debug] [2025-05-20T20:48:55.090Z] Checked if tokens are valid: true, expires at: 1747777687423
[debug] [2025-05-20T20:48:55.090Z] Checked if tokens are valid: true, expires at: 1747777687423
[debug] [2025-05-20T20:48:55.091Z] >>> [apiv2][query] GET https://serviceusage.googleapis.com/v1/projects/rnauth-5e5c0/services/cloudresourcemanager.googleapis.com [none]
[debug] [2025-05-20T20:48:55.091Z] >>> [apiv2][(partial)header] GET https://serviceusage.googleapis.com/v1/projects/rnauth-5e5c0/services/cloudresourcemanager.googleapis.com x-goog-quota-user=projects/rnauth-5e5c0
[debug] [2025-05-20T20:48:55.423Z] <<< [apiv2][status] GET https://serviceusage.googleapis.com/v1/projects/rnauth-5e5c0/services/cloudresourcemanager.googleapis.com 200
[debug] [2025-05-20T20:48:55.424Z] <<< [apiv2][body] GET https://serviceusage.googleapis.com/v1/projects/rnauth-5e5c0/services/cloudresourcemanager.googleapis.com [omitted]
[debug] [2025-05-20T20:48:55.424Z] Checked if tokens are valid: true, expires at: 1747777687423
[debug] [2025-05-20T20:48:55.424Z] Checked if tokens are valid: true, expires at: 1747777687423
[debug] [2025-05-20T20:48:55.425Z] >>> [apiv2][query] GET https://cloudresourcemanager.googleapis.com/v1/projects/rnauth-5e5c0 [none]
[debug] [2025-05-20T20:48:55.641Z] <<< [apiv2][status] GET https://cloudresourcemanager.googleapis.com/v1/projects/rnauth-5e5c0 200
[debug] [2025-05-20T20:48:55.642Z] <<< [apiv2][body] GET https://cloudresourcemanager.googleapis.com/v1/projects/rnauth-5e5c0 {"projectNumber":"1086730568748","projectId":"rnauth-5e5c0","lifecycleState":"ACTIVE","name":"rnauth","labels":{"firebase":"enabled","firebase-core":"disabled"},"createTime":"2025-05-20T04:05:14.174418Z"}
[info] i  functions: preparing codebase default for deployment 
[info] i  functions: ensuring required API cloudfunctions.googleapis.com is enabled... 
[debug] [2025-05-20T20:48:55.646Z] Checked if tokens are valid: true, expires at: 1747777687423
[debug] [2025-05-20T20:48:55.647Z] Checked if tokens are valid: true, expires at: 1747777687423
[debug] [2025-05-20T20:48:55.647Z] Checked if tokens are valid: true, expires at: 1747777687423
[debug] [2025-05-20T20:48:55.648Z] Checked if tokens are valid: true, expires at: 1747777687423
[info] i  functions: ensuring required API cloudbuild.googleapis.com is enabled... 
[debug] [2025-05-20T20:48:55.650Z] Checked if tokens are valid: true, expires at: 1747777687423
[debug] [2025-05-20T20:48:55.651Z] Checked if tokens are valid: true, expires at: 1747777687423
[info] i  artifactregistry: ensuring required API artifactregistry.googleapis.com is enabled... 
[debug] [2025-05-20T20:48:55.653Z] Checked if tokens are valid: true, expires at: 1747777687423
[debug] [2025-05-20T20:48:55.654Z] Checked if tokens are valid: true, expires at: 1747777687423
[debug] [2025-05-20T20:48:55.654Z] >>> [apiv2][query] GET https://serviceusage.googleapis.com/v1/projects/rnauth-5e5c0/services/cloudfunctions.googleapis.com [none]
[debug] [2025-05-20T20:48:55.655Z] >>> [apiv2][(partial)header] GET https://serviceusage.googleapis.com/v1/projects/rnauth-5e5c0/services/cloudfunctions.googleapis.com x-goog-quota-user=projects/rnauth-5e5c0
[debug] [2025-05-20T20:48:55.656Z] >>> [apiv2][query] GET https://serviceusage.googleapis.com/v1/projects/rnauth-5e5c0/services/runtimeconfig.googleapis.com [none]
[debug] [2025-05-20T20:48:55.656Z] >>> [apiv2][(partial)header] GET https://serviceusage.googleapis.com/v1/projects/rnauth-5e5c0/services/runtimeconfig.googleapis.com x-goog-quota-user=projects/rnauth-5e5c0
[debug] [2025-05-20T20:48:55.662Z] >>> [apiv2][query] GET https://serviceusage.googleapis.com/v1/projects/rnauth-5e5c0/services/cloudbuild.googleapis.com [none]
[debug] [2025-05-20T20:48:55.662Z] >>> [apiv2][(partial)header] GET https://serviceusage.googleapis.com/v1/projects/rnauth-5e5c0/services/cloudbuild.googleapis.com x-goog-quota-user=projects/rnauth-5e5c0
[debug] [2025-05-20T20:48:55.673Z] >>> [apiv2][query] GET https://serviceusage.googleapis.com/v1/projects/rnauth-5e5c0/services/artifactregistry.googleapis.com [none]
[debug] [2025-05-20T20:48:55.673Z] >>> [apiv2][(partial)header] GET https://serviceusage.googleapis.com/v1/projects/rnauth-5e5c0/services/artifactregistry.googleapis.com x-goog-quota-user=projects/rnauth-5e5c0
[debug] [2025-05-20T20:48:55.891Z] <<< [apiv2][status] GET https://serviceusage.googleapis.com/v1/projects/rnauth-5e5c0/services/cloudfunctions.googleapis.com 200
[debug] [2025-05-20T20:48:55.892Z] <<< [apiv2][body] GET https://serviceusage.googleapis.com/v1/projects/rnauth-5e5c0/services/cloudfunctions.googleapis.com [omitted]
[info] +  functions: required API cloudfunctions.googleapis.com is enabled 
[debug] [2025-05-20T20:48:55.939Z] <<< [apiv2][status] GET https://serviceusage.googleapis.com/v1/projects/rnauth-5e5c0/services/runtimeconfig.googleapis.com 200
[debug] [2025-05-20T20:48:55.940Z] <<< [apiv2][body] GET https://serviceusage.googleapis.com/v1/projects/rnauth-5e5c0/services/runtimeconfig.googleapis.com [omitted]
[debug] [2025-05-20T20:48:55.943Z] <<< [apiv2][status] GET https://serviceusage.googleapis.com/v1/projects/rnauth-5e5c0/services/cloudbuild.googleapis.com 200
[debug] [2025-05-20T20:48:55.944Z] <<< [apiv2][body] GET https://serviceusage.googleapis.com/v1/projects/rnauth-5e5c0/services/cloudbuild.googleapis.com [omitted]
[warn] !  functions: missing required API cloudbuild.googleapis.com. Enabling now... 
[debug] [2025-05-20T20:48:55.946Z] Checked if tokens are valid: true, expires at: 1747777687423
[debug] [2025-05-20T20:48:55.947Z] Checked if tokens are valid: true, expires at: 1747777687423
[debug] [2025-05-20T20:48:55.948Z] >>> [apiv2][query] POST https://serviceusage.googleapis.com/v1/projects/rnauth-5e5c0/services/cloudbuild.googleapis.com:enable [none]
[debug] [2025-05-20T20:48:55.948Z] >>> [apiv2][(partial)header] POST https://serviceusage.googleapis.com/v1/projects/rnauth-5e5c0/services/cloudbuild.googleapis.com:enable x-goog-quota-user=projects/rnauth-5e5c0
[debug] [2025-05-20T20:48:55.990Z] <<< [apiv2][status] GET https://serviceusage.googleapis.com/v1/projects/rnauth-5e5c0/services/artifactregistry.googleapis.com 200
[debug] [2025-05-20T20:48:55.990Z] <<< [apiv2][body] GET https://serviceusage.googleapis.com/v1/projects/rnauth-5e5c0/services/artifactregistry.googleapis.com [omitted]
[warn] !  artifactregistry: missing required API artifactregistry.googleapis.com. Enabling now... 
[debug] [2025-05-20T20:48:55.994Z] Checked if tokens are valid: true, expires at: 1747777687423
[debug] [2025-05-20T20:48:55.994Z] Checked if tokens are valid: true, expires at: 1747777687423
[debug] [2025-05-20T20:48:55.995Z] >>> [apiv2][query] POST https://serviceusage.googleapis.com/v1/projects/rnauth-5e5c0/services/artifactregistry.googleapis.com:enable [none]
[debug] [2025-05-20T20:48:55.996Z] >>> [apiv2][(partial)header] POST https://serviceusage.googleapis.com/v1/projects/rnauth-5e5c0/services/artifactregistry.googleapis.com:enable x-goog-quota-user=projects/rnauth-5e5c0
[debug] [2025-05-20T20:48:56.274Z] <<< [apiv2][status] POST https://serviceusage.googleapis.com/v1/projects/rnauth-5e5c0/services/artifactregistry.googleapis.com:enable 200
[debug] [2025-05-20T20:48:56.274Z] <<< [apiv2][body] POST https://serviceusage.googleapis.com/v1/projects/rnauth-5e5c0/services/artifactregistry.googleapis.com:enable [omitted]
[debug] [2025-05-20T20:48:56.306Z] <<< [apiv2][status] POST https://serviceusage.googleapis.com/v1/projects/rnauth-5e5c0/services/cloudbuild.googleapis.com:enable 200
[debug] [2025-05-20T20:48:56.306Z] <<< [apiv2][body] POST https://serviceusage.googleapis.com/v1/projects/rnauth-5e5c0/services/cloudbuild.googleapis.com:enable [omitted]
[debug] [2025-05-20T20:49:06.284Z] Checked if tokens are valid: true, expires at: 1747777687423
[debug] [2025-05-20T20:49:06.285Z] Checked if tokens are valid: true, expires at: 1747777687423
[debug] [2025-05-20T20:49:06.285Z] >>> [apiv2][query] GET https://serviceusage.googleapis.com/v1/projects/rnauth-5e5c0/services/artifactregistry.googleapis.com [none]
[debug] [2025-05-20T20:49:06.286Z] >>> [apiv2][(partial)header] GET https://serviceusage.googleapis.com/v1/projects/rnauth-5e5c0/services/artifactregistry.googleapis.com x-goog-quota-user=projects/rnauth-5e5c0
[debug] [2025-05-20T20:49:06.309Z] Checked if tokens are valid: true, expires at: 1747777687423
[debug] [2025-05-20T20:49:06.309Z] Checked if tokens are valid: true, expires at: 1747777687423
[debug] [2025-05-20T20:49:06.309Z] >>> [apiv2][query] GET https://serviceusage.googleapis.com/v1/projects/rnauth-5e5c0/services/cloudbuild.googleapis.com [none]
[debug] [2025-05-20T20:49:06.309Z] >>> [apiv2][(partial)header] GET https://serviceusage.googleapis.com/v1/projects/rnauth-5e5c0/services/cloudbuild.googleapis.com x-goog-quota-user=projects/rnauth-5e5c0
[debug] [2025-05-20T20:49:06.584Z] <<< [apiv2][status] GET https://serviceusage.googleapis.com/v1/projects/rnauth-5e5c0/services/cloudbuild.googleapis.com 200
[debug] [2025-05-20T20:49:06.585Z] <<< [apiv2][body] GET https://serviceusage.googleapis.com/v1/projects/rnauth-5e5c0/services/cloudbuild.googleapis.com [omitted]
[info] +  functions: required API cloudbuild.googleapis.com is enabled 
[debug] [2025-05-20T20:49:06.603Z] <<< [apiv2][status] GET https://serviceusage.googleapis.com/v1/projects/rnauth-5e5c0/services/artifactregistry.googleapis.com 200
[debug] [2025-05-20T20:49:06.603Z] <<< [apiv2][body] GET https://serviceusage.googleapis.com/v1/projects/rnauth-5e5c0/services/artifactregistry.googleapis.com [omitted]
[info] +  artifactregistry: required API artifactregistry.googleapis.com is enabled 
[debug] [2025-05-20T20:49:06.607Z] Checked if tokens are valid: true, expires at: 1747777687423
[debug] [2025-05-20T20:49:06.607Z] Checked if tokens are valid: true, expires at: 1747777687423
[debug] [2025-05-20T20:49:06.608Z] >>> [apiv2][query] GET https://firebase.googleapis.com/v1beta1/projects/rnauth-5e5c0/adminSdkConfig [none]
[debug] [2025-05-20T20:49:06.897Z] <<< [apiv2][status] GET https://firebase.googleapis.com/v1beta1/projects/rnauth-5e5c0/adminSdkConfig 200
[debug] [2025-05-20T20:49:06.897Z] <<< [apiv2][body] GET https://firebase.googleapis.com/v1beta1/projects/rnauth-5e5c0/adminSdkConfig {"projectId":"rnauth-5e5c0","storageBucket":"rnauth-5e5c0.firebasestorage.app"}
[debug] [2025-05-20T20:49:06.898Z] Checked if tokens are valid: true, expires at: 1747777687423
[debug] [2025-05-20T20:49:06.898Z] Checked if tokens are valid: true, expires at: 1747777687423
[debug] [2025-05-20T20:49:06.898Z] >>> [apiv2][query] GET https://runtimeconfig.googleapis.com/v1beta1/projects/rnauth-5e5c0/configs [none]
[debug] [2025-05-20T20:49:07.098Z] <<< [apiv2][status] GET https://runtimeconfig.googleapis.com/v1beta1/projects/rnauth-5e5c0/configs 200
[debug] [2025-05-20T20:49:07.099Z] <<< [apiv2][body] GET https://runtimeconfig.googleapis.com/v1beta1/projects/rnauth-5e5c0/configs {}
[debug] [2025-05-20T20:49:07.103Z] Validating nodejs source
[debug] [2025-05-20T20:49:10.501Z] > [functions] package.json contents: {
  "name": "functions",
  "scripts": {
    "lint": "eslint --ext .js,.ts .",
    "build": "tsc",
    "build:watch": "tsc --watch",
    "serve": "npm run build && firebase emulators:start --only functions",
    "shell": "npm run build && firebase functions:shell",
    "start": "npm run shell",
    "deploy": "firebase deploy --only functions",
    "logs": "firebase functions:log"
  },
  "engines": {
    "node": "22"
  },
  "main": "lib/index.js",
  "dependencies": {
    "firebase-admin": "^12.6.0",
    "firebase-functions": "^6.0.1"
  },
  "devDependencies": {
    "@typescript-eslint/eslint-plugin": "^5.12.0",
    "@typescript-eslint/parser": "^5.12.0",
    "eslint": "^8.9.0",
    "eslint-config-google": "^0.14.0",
    "eslint-plugin-import": "^2.25.4",
    "firebase-functions-test": "^3.1.0",
    "typescript": "^4.9.0"
  },
  "private": true
}
[debug] [2025-05-20T20:49:10.502Z] Building nodejs source
[info] i  functions: Loading and analyzing source code for codebase default to determine what to deploy 
[debug] [2025-05-20T20:49:10.506Z] Could not find functions.yaml. Must use http discovery
[debug] [2025-05-20T20:49:10.547Z] Found firebase-functions binary at 'C:\Users\Khadka\Desktop\DEMO_APP\functions\node_modules\.bin\firebase-functions'
[info] Serving at port 8475

[debug] [2025-05-20T20:49:13.699Z] Got response from /__/functions.yaml {"endpoints":{"helloWorld":{"availableMemoryMb":null,"timeoutSeconds":null,"minInstances":null,"maxInstances":null,"ingressSettings":null,"concurrency":null,"serviceAccountEmail":null,"vpc":null,"platform":"gcfv2","labels":{},"callableTrigger":{},"entryPoint":"helloWorld"}},"specVersion":"v1alpha1","requiredAPIs":[],"extensions":{}}
[info] i  extensions: ensuring required API firebaseextensions.googleapis.com is enabled... 
[debug] [2025-05-20T20:49:17.786Z] Checked if tokens are valid: true, expires at: 1747777687423
[debug] [2025-05-20T20:49:17.786Z] Checked if tokens are valid: true, expires at: 1747777687423
[debug] [2025-05-20T20:49:17.787Z] >>> [apiv2][query] GET https://serviceusage.googleapis.com/v1/projects/rnauth-5e5c0/services/firebaseextensions.googleapis.com [none]
[debug] [2025-05-20T20:49:17.787Z] >>> [apiv2][(partial)header] GET https://serviceusage.googleapis.com/v1/projects/rnauth-5e5c0/services/firebaseextensions.googleapis.com x-goog-quota-user=projects/rnauth-5e5c0
[debug] [2025-05-20T20:49:18.056Z] <<< [apiv2][status] GET https://serviceusage.googleapis.com/v1/projects/rnauth-5e5c0/services/firebaseextensions.googleapis.com 200
[debug] [2025-05-20T20:49:18.057Z] <<< [apiv2][body] GET https://serviceusage.googleapis.com/v1/projects/rnauth-5e5c0/services/firebaseextensions.googleapis.com [omitted]
[warn] !  extensions: missing required API firebaseextensions.googleapis.com. Enabling now... 
[debug] [2025-05-20T20:49:18.058Z] Checked if tokens are valid: true, expires at: 1747777687423
[debug] [2025-05-20T20:49:18.058Z] Checked if tokens are valid: true, expires at: 1747777687423
[debug] [2025-05-20T20:49:18.058Z] >>> [apiv2][query] POST https://serviceusage.googleapis.com/v1/projects/rnauth-5e5c0/services/firebaseextensions.googleapis.com:enable [none]
[debug] [2025-05-20T20:49:18.058Z] >>> [apiv2][(partial)header] POST https://serviceusage.googleapis.com/v1/projects/rnauth-5e5c0/services/firebaseextensions.googleapis.com:enable x-goog-quota-user=projects/rnauth-5e5c0
[debug] [2025-05-20T20:49:18.377Z] <<< [apiv2][status] POST https://serviceusage.googleapis.com/v1/projects/rnauth-5e5c0/services/firebaseextensions.googleapis.com:enable 200
[debug] [2025-05-20T20:49:18.378Z] <<< [apiv2][body] POST https://serviceusage.googleapis.com/v1/projects/rnauth-5e5c0/services/firebaseextensions.googleapis.com:enable [omitted]
[debug] [2025-05-20T20:49:28.386Z] Checked if tokens are valid: true, expires at: 1747777687423
[debug] [2025-05-20T20:49:28.386Z] Checked if tokens are valid: true, expires at: 1747777687423
[debug] [2025-05-20T20:49:28.387Z] >>> [apiv2][query] GET https://serviceusage.googleapis.com/v1/projects/rnauth-5e5c0/services/firebaseextensions.googleapis.com [none]
[debug] [2025-05-20T20:49:28.387Z] >>> [apiv2][(partial)header] GET https://serviceusage.googleapis.com/v1/projects/rnauth-5e5c0/services/firebaseextensions.googleapis.com x-goog-quota-user=projects/rnauth-5e5c0
[debug] [2025-05-20T20:49:28.881Z] <<< [apiv2][status] GET https://serviceusage.googleapis.com/v1/projects/rnauth-5e5c0/services/firebaseextensions.googleapis.com 200
[debug] [2025-05-20T20:49:28.882Z] <<< [apiv2][body] GET https://serviceusage.googleapis.com/v1/projects/rnauth-5e5c0/services/firebaseextensions.googleapis.com [omitted]
[info] +  extensions: required API firebaseextensions.googleapis.com is enabled 
[debug] [2025-05-20T20:49:28.887Z] > command requires scopes: ["email","openid","https://www.googleapis.com/auth/cloudplatformprojects.readonly","https://www.googleapis.com/auth/firebase","https://www.googleapis.com/auth/cloud-platform"]
[debug] [2025-05-20T20:49:28.888Z] > authorizing via signed-in user (shristikhadka0988@gmail.com)
[debug] [2025-05-20T20:49:28.888Z] [iam] checking project rnauth-5e5c0 for permissions ["firebase.projects.get","firebaseextensions.instances.list"]
[debug] [2025-05-20T20:49:28.888Z] Checked if tokens are valid: true, expires at: 1747777687423
[debug] [2025-05-20T20:49:28.888Z] Checked if tokens are valid: true, expires at: 1747777687423
[debug] [2025-05-20T20:49:28.888Z] >>> [apiv2][query] POST https://cloudresourcemanager.googleapis.com/v1/projects/rnauth-5e5c0:testIamPermissions [none]
[debug] [2025-05-20T20:49:28.889Z] >>> [apiv2][(partial)header] POST https://cloudresourcemanager.googleapis.com/v1/projects/rnauth-5e5c0:testIamPermissions x-goog-quota-user=projects/rnauth-5e5c0
[debug] [2025-05-20T20:49:28.889Z] >>> [apiv2][body] POST https://cloudresourcemanager.googleapis.com/v1/projects/rnauth-5e5c0:testIamPermissions {"permissions":["firebase.projects.get","firebaseextensions.instances.list"]}
[debug] [2025-05-20T20:49:29.038Z] <<< [apiv2][status] POST https://cloudresourcemanager.googleapis.com/v1/projects/rnauth-5e5c0:testIamPermissions 200
[debug] [2025-05-20T20:49:29.038Z] <<< [apiv2][body] POST https://cloudresourcemanager.googleapis.com/v1/projects/rnauth-5e5c0:testIamPermissions {"permissions":["firebase.projects.get","firebaseextensions.instances.list"]}
[debug] [2025-05-20T20:49:29.039Z] Checked if tokens are valid: true, expires at: 1747777687423
[debug] [2025-05-20T20:49:29.039Z] Checked if tokens are valid: true, expires at: 1747777687423
[debug] [2025-05-20T20:49:29.040Z] >>> [apiv2][query] GET https://firebaseextensions.googleapis.com/v1beta/projects/rnauth-5e5c0/instances pageSize=100&pageToken=
[debug] [2025-05-20T20:49:31.612Z] <<< [apiv2][status] GET https://firebaseextensions.googleapis.com/v1beta/projects/rnauth-5e5c0/instances 200
[debug] [2025-05-20T20:49:31.613Z] <<< [apiv2][body] GET https://firebaseextensions.googleapis.com/v1beta/projects/rnauth-5e5c0/instances {}
[info] i  functions: preparing functions directory for uploading... 
[info] i  functions: packaged C:\Users\Khadka\Desktop\DEMO_APP\functions (87.53 KB) for uploading 
[debug] [2025-05-20T20:49:31.763Z] Checked if tokens are valid: true, expires at: 1747777687423
[debug] [2025-05-20T20:49:31.764Z] Checked if tokens are valid: true, expires at: 1747777687423
[debug] [2025-05-20T20:49:31.764Z] >>> [apiv2][query] GET https://cloudfunctions.googleapis.com/v1/projects/rnauth-5e5c0/locations/-/functions [none]
[debug] [2025-05-20T20:49:32.288Z] <<< [apiv2][status] GET https://cloudfunctions.googleapis.com/v1/projects/rnauth-5e5c0/locations/-/functions 200
[debug] [2025-05-20T20:49:32.288Z] <<< [apiv2][body] GET https://cloudfunctions.googleapis.com/v1/projects/rnauth-5e5c0/locations/-/functions {}
[debug] [2025-05-20T20:49:32.289Z] Checked if tokens are valid: true, expires at: 1747777687423
[debug] [2025-05-20T20:49:32.289Z] Checked if tokens are valid: true, expires at: 1747777687423
[debug] [2025-05-20T20:49:32.289Z] >>> [apiv2][query] GET https://cloudfunctions.googleapis.com/v2/projects/rnauth-5e5c0/locations/-/functions filter=environment%3D%22GEN_2%22
[debug] [2025-05-20T20:49:32.673Z] <<< [apiv2][status] GET https://cloudfunctions.googleapis.com/v2/projects/rnauth-5e5c0/locations/-/functions 200
[debug] [2025-05-20T20:49:32.673Z] <<< [apiv2][body] GET https://cloudfunctions.googleapis.com/v2/projects/rnauth-5e5c0/locations/-/functions {}
[info] i  functions: ensuring required API run.googleapis.com is enabled... 
[debug] [2025-05-20T20:49:32.680Z] Checked if tokens are valid: true, expires at: 1747777687423
[debug] [2025-05-20T20:49:32.680Z] Checked if tokens are valid: true, expires at: 1747777687423
[info] i  functions: ensuring required API eventarc.googleapis.com is enabled... 
[debug] [2025-05-20T20:49:32.681Z] Checked if tokens are valid: true, expires at: 1747777687423
[debug] [2025-05-20T20:49:32.681Z] Checked if tokens are valid: true, expires at: 1747777687423
[info] i  functions: ensuring required API pubsub.googleapis.com is enabled... 
[debug] [2025-05-20T20:49:32.683Z] Checked if tokens are valid: true, expires at: 1747777687423
[debug] [2025-05-20T20:49:32.683Z] Checked if tokens are valid: true, expires at: 1747777687423
[info] i  functions: ensuring required API storage.googleapis.com is enabled... 
[debug] [2025-05-20T20:49:32.684Z] Checked if tokens are valid: true, expires at: 1747777687423
[debug] [2025-05-20T20:49:32.684Z] Checked if tokens are valid: true, expires at: 1747777687423
[debug] [2025-05-20T20:49:32.685Z] >>> [apiv2][query] GET https://serviceusage.googleapis.com/v1/projects/1086730568748/services/run.googleapis.com [none]
[debug] [2025-05-20T20:49:32.685Z] >>> [apiv2][(partial)header] GET https://serviceusage.googleapis.com/v1/projects/1086730568748/services/run.googleapis.com x-goog-quota-user=projects/1086730568748
[debug] [2025-05-20T20:49:32.685Z] >>> [apiv2][query] GET https://serviceusage.googleapis.com/v1/projects/1086730568748/services/eventarc.googleapis.com [none]
[debug] [2025-05-20T20:49:32.685Z] >>> [apiv2][(partial)header] GET https://serviceusage.googleapis.com/v1/projects/1086730568748/services/eventarc.googleapis.com x-goog-quota-user=projects/1086730568748
[debug] [2025-05-20T20:49:32.689Z] >>> [apiv2][query] GET https://serviceusage.googleapis.com/v1/projects/1086730568748/services/pubsub.googleapis.com [none]
[debug] [2025-05-20T20:49:32.689Z] >>> [apiv2][(partial)header] GET https://serviceusage.googleapis.com/v1/projects/1086730568748/services/pubsub.googleapis.com x-goog-quota-user=projects/1086730568748
[debug] [2025-05-20T20:49:32.694Z] >>> [apiv2][query] GET https://serviceusage.googleapis.com/v1/projects/1086730568748/services/storage.googleapis.com [none]
[debug] [2025-05-20T20:49:32.694Z] >>> [apiv2][(partial)header] GET https://serviceusage.googleapis.com/v1/projects/1086730568748/services/storage.googleapis.com x-goog-quota-user=projects/1086730568748
[debug] [2025-05-20T20:49:32.837Z] <<< [apiv2][status] GET https://serviceusage.googleapis.com/v1/projects/1086730568748/services/run.googleapis.com 200
[debug] [2025-05-20T20:49:32.837Z] <<< [apiv2][body] GET https://serviceusage.googleapis.com/v1/projects/1086730568748/services/run.googleapis.com [omitted]
[warn] !  functions: missing required API run.googleapis.com. Enabling now... 
[debug] [2025-05-20T20:49:32.838Z] Checked if tokens are valid: true, expires at: 1747777687423
[debug] [2025-05-20T20:49:32.839Z] Checked if tokens are valid: true, expires at: 1747777687423
[debug] [2025-05-20T20:49:32.839Z] >>> [apiv2][query] POST https://serviceusage.googleapis.com/v1/projects/1086730568748/services/run.googleapis.com:enable [none]
[debug] [2025-05-20T20:49:32.839Z] >>> [apiv2][(partial)header] POST https://serviceusage.googleapis.com/v1/projects/1086730568748/services/run.googleapis.com:enable x-goog-quota-user=projects/1086730568748
[debug] [2025-05-20T20:49:32.920Z] <<< [apiv2][status] GET https://serviceusage.googleapis.com/v1/projects/1086730568748/services/eventarc.googleapis.com 200
[debug] [2025-05-20T20:49:32.921Z] <<< [apiv2][body] GET https://serviceusage.googleapis.com/v1/projects/1086730568748/services/eventarc.googleapis.com [omitted]
[warn] !  functions: missing required API eventarc.googleapis.com. Enabling now... 
[debug] [2025-05-20T20:49:32.922Z] Checked if tokens are valid: true, expires at: 1747777687423
[debug] [2025-05-20T20:49:32.922Z] Checked if tokens are valid: true, expires at: 1747777687423
[debug] [2025-05-20T20:49:32.922Z] >>> [apiv2][query] POST https://serviceusage.googleapis.com/v1/projects/1086730568748/services/eventarc.googleapis.com:enable [none]
[debug] [2025-05-20T20:49:32.922Z] >>> [apiv2][(partial)header] POST https://serviceusage.googleapis.com/v1/projects/1086730568748/services/eventarc.googleapis.com:enable x-goog-quota-user=projects/1086730568748
[debug] [2025-05-20T20:49:32.956Z] <<< [apiv2][status] GET https://serviceusage.googleapis.com/v1/projects/1086730568748/services/pubsub.googleapis.com 200
[debug] [2025-05-20T20:49:32.957Z] <<< [apiv2][body] GET https://serviceusage.googleapis.com/v1/projects/1086730568748/services/pubsub.googleapis.com [omitted]
[info] +  functions: required API pubsub.googleapis.com is enabled 
[debug] [2025-05-20T20:49:32.963Z] <<< [apiv2][status] GET https://serviceusage.googleapis.com/v1/projects/1086730568748/services/storage.googleapis.com 200
[debug] [2025-05-20T20:49:32.963Z] <<< [apiv2][body] GET https://serviceusage.googleapis.com/v1/projects/1086730568748/services/storage.googleapis.com [omitted]
[info] +  functions: required API storage.googleapis.com is enabled 
[debug] [2025-05-20T20:49:33.131Z] <<< [apiv2][status] POST https://serviceusage.googleapis.com/v1/projects/1086730568748/services/run.googleapis.com:enable 200
[debug] [2025-05-20T20:49:33.131Z] <<< [apiv2][body] POST https://serviceusage.googleapis.com/v1/projects/1086730568748/services/run.googleapis.com:enable [omitted]
[debug] [2025-05-20T20:49:33.199Z] <<< [apiv2][status] POST https://serviceusage.googleapis.com/v1/projects/1086730568748/services/eventarc.googleapis.com:enable 200
[debug] [2025-05-20T20:49:33.199Z] <<< [apiv2][body] POST https://serviceusage.googleapis.com/v1/projects/1086730568748/services/eventarc.googleapis.com:enable [omitted]
[debug] [2025-05-20T20:49:43.173Z] Checked if tokens are valid: true, expires at: 1747777687423
[debug] [2025-05-20T20:49:43.174Z] Checked if tokens are valid: true, expires at: 1747777687423
[debug] [2025-05-20T20:49:43.175Z] >>> [apiv2][query] GET https://serviceusage.googleapis.com/v1/projects/1086730568748/services/run.googleapis.com [none]
[debug] [2025-05-20T20:49:43.175Z] >>> [apiv2][(partial)header] GET https://serviceusage.googleapis.com/v1/projects/1086730568748/services/run.googleapis.com x-goog-quota-user=projects/1086730568748
[debug] [2025-05-20T20:49:43.218Z] Checked if tokens are valid: true, expires at: 1747777687423
[debug] [2025-05-20T20:49:43.219Z] Checked if tokens are valid: true, expires at: 1747777687423
[debug] [2025-05-20T20:49:43.219Z] >>> [apiv2][query] GET https://serviceusage.googleapis.com/v1/projects/1086730568748/services/eventarc.googleapis.com [none]
[debug] [2025-05-20T20:49:43.220Z] >>> [apiv2][(partial)header] GET https://serviceusage.googleapis.com/v1/projects/1086730568748/services/eventarc.googleapis.com x-goog-quota-user=projects/1086730568748
[debug] [2025-05-20T20:49:43.464Z] <<< [apiv2][status] GET https://serviceusage.googleapis.com/v1/projects/1086730568748/services/run.googleapis.com 200
[debug] [2025-05-20T20:49:43.464Z] <<< [apiv2][body] GET https://serviceusage.googleapis.com/v1/projects/1086730568748/services/run.googleapis.com [omitted]
[info] +  functions: required API run.googleapis.com is enabled 
[debug] [2025-05-20T20:49:43.479Z] <<< [apiv2][status] GET https://serviceusage.googleapis.com/v1/projects/1086730568748/services/eventarc.googleapis.com 200
[debug] [2025-05-20T20:49:43.480Z] <<< [apiv2][body] GET https://serviceusage.googleapis.com/v1/projects/1086730568748/services/eventarc.googleapis.com [omitted]
[info] +  functions: required API eventarc.googleapis.com is enabled 
[info] i  functions: generating the service identity for pubsub.googleapis.com... 
[debug] [2025-05-20T20:49:43.490Z] Checked if tokens are valid: true, expires at: 1747777687423
[debug] [2025-05-20T20:49:43.490Z] Checked if tokens are valid: true, expires at: 1747777687423
[info] i  functions: generating the service identity for eventarc.googleapis.com... 
[debug] [2025-05-20T20:49:43.495Z] Checked if tokens are valid: true, expires at: 1747777687423
[debug] [2025-05-20T20:49:43.495Z] Checked if tokens are valid: true, expires at: 1747777687423
[debug] [2025-05-20T20:49:43.496Z] >>> [apiv2][query] POST https://serviceusage.googleapis.com/v1beta1/projects/1086730568748/services/pubsub.googleapis.com:generateServiceIdentity [none]
[debug] [2025-05-20T20:49:43.497Z] >>> [apiv2][query] POST https://serviceusage.googleapis.com/v1beta1/projects/1086730568748/services/eventarc.googleapis.com:generateServiceIdentity [none]
[debug] [2025-05-20T20:49:43.964Z] <<< [apiv2][status] POST https://serviceusage.googleapis.com/v1beta1/projects/1086730568748/services/pubsub.googleapis.com:generateServiceIdentity 200
[debug] [2025-05-20T20:49:43.965Z] <<< [apiv2][body] POST https://serviceusage.googleapis.com/v1beta1/projects/1086730568748/services/pubsub.googleapis.com:generateServiceIdentity {"name":"operations/finished.DONE_OPERATION","done":true,"response":{"@type":"type.googleapis.com/google.api.serviceusage.v1beta1.ServiceIdentity","email":"service-1086730568748@gcp-sa-pubsub.iam.gserviceaccount.com","uniqueId":"114001544424399257065"}}
[debug] [2025-05-20T20:49:43.985Z] <<< [apiv2][status] POST https://serviceusage.googleapis.com/v1beta1/projects/1086730568748/services/eventarc.googleapis.com:generateServiceIdentity 200
[debug] [2025-05-20T20:49:43.986Z] <<< [apiv2][body] POST https://serviceusage.googleapis.com/v1beta1/projects/1086730568748/services/eventarc.googleapis.com:generateServiceIdentity {"name":"operations/finished.DONE_OPERATION","done":true,"response":{"@type":"type.googleapis.com/google.api.serviceusage.v1beta1.ServiceIdentity","email":"service-1086730568748@gcp-sa-eventarc.iam.gserviceaccount.com","uniqueId":"111304913687922274728"}}
[debug] [2025-05-20T20:49:43.995Z] Checked if tokens are valid: true, expires at: 1747777687423
[debug] [2025-05-20T20:49:43.995Z] Checked if tokens are valid: true, expires at: 1747777687423
[debug] [2025-05-20T20:49:43.996Z] >>> [apiv2][query] GET https://serviceusage.googleapis.com/v1/projects/rnauth-5e5c0/services/cloudresourcemanager.googleapis.com [none]
[debug] [2025-05-20T20:49:43.996Z] >>> [apiv2][(partial)header] GET https://serviceusage.googleapis.com/v1/projects/rnauth-5e5c0/services/cloudresourcemanager.googleapis.com x-goog-quota-user=projects/rnauth-5e5c0
[debug] [2025-05-20T20:49:44.241Z] <<< [apiv2][status] GET https://serviceusage.googleapis.com/v1/projects/rnauth-5e5c0/services/cloudresourcemanager.googleapis.com 200
[debug] [2025-05-20T20:49:44.241Z] <<< [apiv2][body] GET https://serviceusage.googleapis.com/v1/projects/rnauth-5e5c0/services/cloudresourcemanager.googleapis.com [omitted]
[debug] [2025-05-20T20:49:44.242Z] Checked if tokens are valid: true, expires at: 1747777687423
[debug] [2025-05-20T20:49:44.243Z] Checked if tokens are valid: true, expires at: 1747777687423
[debug] [2025-05-20T20:49:44.246Z] >>> [apiv2][query] GET https://cloudresourcemanager.googleapis.com/v1/projects/rnauth-5e5c0 [none]
[debug] [2025-05-20T20:49:44.407Z] <<< [apiv2][status] GET https://cloudresourcemanager.googleapis.com/v1/projects/rnauth-5e5c0 200
[debug] [2025-05-20T20:49:44.408Z] <<< [apiv2][body] GET https://cloudresourcemanager.googleapis.com/v1/projects/rnauth-5e5c0 {"projectNumber":"1086730568748","projectId":"rnauth-5e5c0","lifecycleState":"ACTIVE","name":"rnauth","labels":{"firebase":"enabled","firebase-core":"disabled"},"createTime":"2025-05-20T04:05:14.174418Z"}
[debug] [2025-05-20T20:49:44.409Z] Checked if tokens are valid: true, expires at: 1747777687423
[debug] [2025-05-20T20:49:44.410Z] Checked if tokens are valid: true, expires at: 1747777687423
[debug] [2025-05-20T20:49:44.410Z] >>> [apiv2][query] GET https://compute.googleapis.com/compute/v1/projects/1086730568748 [none]
[debug] [2025-05-20T20:49:44.603Z] <<< [apiv2][status] GET https://compute.googleapis.com/compute/v1/projects/1086730568748 403
[debug] [2025-05-20T20:49:44.604Z] <<< [apiv2][body] GET https://compute.googleapis.com/compute/v1/projects/1086730568748 {"error":{"code":403,"message":"Compute Engine API has not been used in project 1086730568748 before or it is disabled. Enable it by visiting https://console.developers.google.com/apis/api/compute.googleapis.com/overview?project=1086730568748 then retry. If you enabled this API recently, wait a few minutes for the action to propagate to our systems and retry.","errors":[{"message":"Compute Engine API has not been used in project 1086730568748 before or it is disabled. Enable it by visiting https://console.developers.google.com/apis/api/compute.googleapis.com/overview?project=1086730568748 then retry. If you enabled this API recently, wait a few minutes for the action to propagate to our systems and retry.","domain":"usageLimits","reason":"accessNotConfigured","extendedHelp":"https://console.developers.google.com"}],"status":"PERMISSION_DENIED","details":[{"@type":"type.googleapis.com/google.rpc.ErrorInfo","reason":"SERVICE_DISABLED","domain":"googleapis.com","metadata":{"service":"compute.googleapis.com","containerInfo":"1086730568748","consumer":"projects/1086730568748","serviceTitle":"Compute Engine API","activationUrl":"https://console.developers.google.com/apis/api/compute.googleapis.com/overview?project=1086730568748"}},{"@type":"type.googleapis.com/google.rpc.LocalizedMessage","locale":"en-US","message":"Compute Engine API has not been used in project 1086730568748 before or it is disabled. Enable it by visiting https://console.developers.google.com/apis/api/compute.googleapis.com/overview?project=1086730568748 then retry. If you enabled this API recently, wait a few minutes for the action to propagate to our systems and retry."},{"@type":"type.googleapis.com/google.rpc.Help","links":[{"description":"Google developers console API activation","url":"https://console.developers.google.com/apis/api/compute.googleapis.com/overview?project=1086730568748"}]}]}}
[debug] [2025-05-20T20:49:44.607Z] unable to look up default compute service account. Falling back to 1086730568748-compute@developer.gserviceaccount.com. Error: {"name":"FirebaseError","children":[],"context":{"body":{"error":{"code":403,"message":"Compute Engine API has not been used in project 1086730568748 before or it is disabled. Enable it by visiting https://console.developers.google.com/apis/api/compute.googleapis.com/overview?project=1086730568748 then retry. If you enabled this API recently, wait a few minutes for the action to propagate to our systems and retry.","errors":[{"message":"Compute Engine API has not been used in project 1086730568748 before or it is disabled. Enable it by visiting https://console.developers.google.com/apis/api/compute.googleapis.com/overview?project=1086730568748 then retry. If you enabled this API recently, wait a few minutes for the action to propagate to our systems and retry.","domain":"usageLimits","reason":"accessNotConfigured","extendedHelp":"https://console.developers.google.com"}],"status":"PERMISSION_DENIED","details":[{"@type":"type.googleapis.com/google.rpc.ErrorInfo","reason":"SERVICE_DISABLED","domain":"googleapis.com","metadata":{"service":"compute.googleapis.com","containerInfo":"1086730568748","consumer":"projects/1086730568748","serviceTitle":"Compute Engine API","activationUrl":"https://console.developers.google.com/apis/api/compute.googleapis.com/overview?project=1086730568748"}},{"@type":"type.googleapis.com/google.rpc.LocalizedMessage","locale":"en-US","message":"Compute Engine API has not been used in project 1086730568748 before or it is disabled. Enable it by visiting https://console.developers.google.com/apis/api/compute.googleapis.com/overview?project=1086730568748 then retry. If you enabled this API recently, wait a few minutes for the action to propagate to our systems and retry."},{"@type":"type.googleapis.com/google.rpc.Help","links":[{"description":"Google developers console API activation","url":"https://console.developers.google.com/apis/api/compute.googleapis.com/overview?project=1086730568748"}]}]}},"response":{"statusCode":403}},"exit":1,"message":"Request to https://compute.googleapis.com/compute/v1/projects/1086730568748 had HTTP Error: 403, Compute Engine API has not been used in project 1086730568748 before or it is disabled. Enable it by visiting https://console.developers.google.com/apis/api/compute.googleapis.com/overview?project=1086730568748 then retry. If you enabled this API recently, wait a few minutes for the action to propagate to our systems and retry.","status":403}
[debug] [2025-05-20T20:49:44.614Z] Checked if tokens are valid: true, expires at: 1747777687423
[debug] [2025-05-20T20:49:44.615Z] Checked if tokens are valid: true, expires at: 1747777687423
[debug] [2025-05-20T20:49:44.615Z] >>> [apiv2][query] GET https://cloudbilling.googleapis.com/v1/projects/rnauth-5e5c0/billingInfo [none]
[debug] [2025-05-20T20:49:44.846Z] <<< [apiv2][status] GET https://cloudbilling.googleapis.com/v1/projects/rnauth-5e5c0/billingInfo 200
[debug] [2025-05-20T20:49:44.846Z] <<< [apiv2][body] GET https://cloudbilling.googleapis.com/v1/projects/rnauth-5e5c0/billingInfo {"name":"projects/rnauth-5e5c0/billingInfo","projectId":"rnauth-5e5c0","billingAccountName":"billingAccounts/01B8AA-EBE8D4-F286D8","billingEnabled":true}
[debug] [2025-05-20T20:49:44.852Z] Checked if tokens are valid: true, expires at: 1747777687423
[debug] [2025-05-20T20:49:44.852Z] Checked if tokens are valid: true, expires at: 1747777687423
[debug] [2025-05-20T20:49:44.852Z] >>> [apiv2][query] POST https://cloudfunctions.googleapis.com/v2/projects/rnauth-5e5c0/locations/us-central1/functions:generateUploadUrl [none]
[debug] [2025-05-20T20:49:46.116Z] <<< [apiv2][status] POST https://cloudfunctions.googleapis.com/v2/projects/rnauth-5e5c0/locations/us-central1/functions:generateUploadUrl 200
[debug] [2025-05-20T20:49:46.116Z] <<< [apiv2][body] POST https://cloudfunctions.googleapis.com/v2/projects/rnauth-5e5c0/locations/us-central1/functions:generateUploadUrl {"uploadUrl":"https://storage.googleapis.com/gcf-v2-uploads-1086730568748.us-central1.cloudfunctions.appspot.com/4503491f-0d71-4c90-ada4-a74644443480.zip?GoogleAccessId=service-1086730568748@gcf-admin-robot.iam.gserviceaccount.com&Expires=1747775984&Signature=PQv5zdIllLYFDkCqj3hGtxxhaIVYSTVWsq8laLSY4wydSlpVoteStvRuwy%2Fh4Ym39dlHxuHVGLvyQ%2F211ZOuO4Nlzd7F4v7ExR8zDdCy59yiM4zK4GjiH9zmGy5%2BbYbCkXatztLWad5CVOFwgkFz0e9C88K6Q9Bk50ihZ2KPvubNYeu%2BJADDjzqrseYpmDD7fl8uIgV3me%2FS%2FWU0fnRw9twDmB4EHBLWpdkTxjwC3Pzt6YHioiAZ4EHFN1Ekg1VfOJUhtCD7AlZAqAb%2BRWHtSaeO2Dj6S7OFa6nqeaIWi3IZDhJ%2FtkXRYKUgh0kvg4%2FO9w0L5BCqDOrOmAqzd7x9cg%3D%3D","storageSource":{"bucket":"gcf-v2-uploads-1086730568748.us-central1.cloudfunctions.appspot.com","object":"4503491f-0d71-4c90-ada4-a74644443480.zip"}}
[debug] [2025-05-20T20:49:46.119Z] >>> [apiv2][query] PUT https://storage.googleapis.com/gcf-v2-uploads-1086730568748.us-central1.cloudfunctions.appspot.com/4503491f-0d71-4c90-ada4-a74644443480.zip GoogleAccessId=service-1086730568748%40gcf-admin-robot.iam.gserviceaccount.com&Expires=1747775984&Signature=PQv5zdIllLYFDkCqj3hGtxxhaIVYSTVWsq8laLSY4wydSlpVoteStvRuwy%2Fh4Ym39dlHxuHVGLvyQ%2F211ZOuO4Nlzd7F4v7ExR8zDdCy59yiM4zK4GjiH9zmGy5%2BbYbCkXatztLWad5CVOFwgkFz0e9C88K6Q9Bk50ihZ2KPvubNYeu%2BJADDjzqrseYpmDD7fl8uIgV3me%2FS%2FWU0fnRw9twDmB4EHBLWpdkTxjwC3Pzt6YHioiAZ4EHFN1Ekg1VfOJUhtCD7AlZAqAb%2BRWHtSaeO2Dj6S7OFa6nqeaIWi3IZDhJ%2FtkXRYKUgh0kvg4%2FO9w0L5BCqDOrOmAqzd7x9cg%3D%3D
[debug] [2025-05-20T20:49:46.120Z] >>> [apiv2][body] PUT https://storage.googleapis.com/gcf-v2-uploads-1086730568748.us-central1.cloudfunctions.appspot.com/4503491f-0d71-4c90-ada4-a74644443480.zip [stream]
[debug] [2025-05-20T20:49:46.430Z] <<< [apiv2][status] PUT https://storage.googleapis.com/gcf-v2-uploads-1086730568748.us-central1.cloudfunctions.appspot.com/4503491f-0d71-4c90-ada4-a74644443480.zip 200
[debug] [2025-05-20T20:49:46.430Z] <<< [apiv2][body] PUT https://storage.googleapis.com/gcf-v2-uploads-1086730568748.us-central1.cloudfunctions.appspot.com/4503491f-0d71-4c90-ada4-a74644443480.zip [omitted]
[info] +  functions: functions folder uploaded successfully 
[info] i  functions: creating Node.js 22 (2nd Gen) function helloWorld(us-central1)... 
[debug] [2025-05-20T20:49:46.446Z] Checked if tokens are valid: true, expires at: 1747777687423
[debug] [2025-05-20T20:49:46.446Z] Checked if tokens are valid: true, expires at: 1747777687423
[debug] [2025-05-20T20:49:46.447Z] >>> [apiv2][query] POST https://cloudfunctions.googleapis.com/v2/projects/rnauth-5e5c0/locations/us-central1/functions functionId=helloWorld
[debug] [2025-05-20T20:49:46.447Z] >>> [apiv2][body] POST https://cloudfunctions.googleapis.com/v2/projects/rnauth-5e5c0/locations/us-central1/functions {"name":"projects/rnauth-5e5c0/locations/us-central1/functions/helloWorld","buildConfig":{"runtime":"nodejs22","entryPoint":"helloWorld","source":{"storageSource":{"bucket":"gcf-v2-uploads-1086730568748.us-central1.cloudfunctions.appspot.com","object":"4503491f-0d71-4c90-ada4-a74644443480.zip"}},"environmentVariables":{"GOOGLE_NODE_RUN_SCRIPTS":""}},"serviceConfig":{"environmentVariables":{"FIREBASE_CONFIG":"{\"projectId\":\"rnauth-5e5c0\",\"storageBucket\":\"rnauth-5e5c0.firebasestorage.app\"}","GCLOUD_PROJECT":"rnauth-5e5c0","EVENTARC_CLOUD_EVENT_SOURCE":"projects/rnauth-5e5c0/locations/us-central1/services/helloWorld","FUNCTION_TARGET":"helloWorld","LOG_EXECUTION_ID":"true"},"ingressSettings":null,"timeoutSeconds":null,"serviceAccountEmail":null,"availableMemory":"256Mi","minInstanceCount":null,"maxInstanceCount":null,"maxInstanceRequestConcurrency":80,"availableCpu":"1","vpcConnector":null,"vpcConnectorEgressSettings":null},"labels":{"deployment-tool":"cli-firebase","deployment-callable":"true","firebase-functions-hash":"cb340e89802951f87fd38522355e40af4850004f"}}
[debug] [2025-05-20T20:49:47.648Z] <<< [apiv2][status] POST https://cloudfunctions.googleapis.com/v2/projects/rnauth-5e5c0/locations/us-central1/functions 200
[debug] [2025-05-20T20:49:47.649Z] <<< [apiv2][body] POST https://cloudfunctions.googleapis.com/v2/projects/rnauth-5e5c0/locations/us-central1/functions {"name":"projects/rnauth-5e5c0/locations/us-central1/operations/operation-1747774185146-63597637407fe-70a50510-5579d70d","metadata":{"@type":"type.googleapis.com/google.cloud.functions.v2.OperationMetadata","createTime":"2025-05-20T20:49:46.240874517Z","target":"projects/rnauth-5e5c0/locations/us-central1/functions/helloWorld","verb":"create","cancelRequested":false,"apiVersion":"v2"},"done":false}
[debug] [2025-05-20T20:49:47.651Z] Checked if tokens are valid: true, expires at: 1747777687423
[debug] [2025-05-20T20:49:47.651Z] Checked if tokens are valid: true, expires at: 1747777687423
[debug] [2025-05-20T20:49:47.652Z] >>> [apiv2][query] GET https://cloudfunctions.googleapis.com/v2/projects/rnauth-5e5c0/locations/us-central1/operations/operation-1747774185146-63597637407fe-70a50510-5579d70d [none]
[debug] [2025-05-20T20:49:47.745Z] <<< [apiv2][status] GET https://cloudfunctions.googleapis.com/v2/projects/rnauth-5e5c0/locations/us-central1/operations/operation-1747774185146-63597637407fe-70a50510-5579d70d 200
[debug] [2025-05-20T20:49:47.746Z] <<< [apiv2][body] GET https://cloudfunctions.googleapis.com/v2/projects/rnauth-5e5c0/locations/us-central1/operations/operation-1747774185146-63597637407fe-70a50510-5579d70d {"name":"projects/rnauth-5e5c0/locations/us-central1/operations/operation-1747774185146-63597637407fe-70a50510-5579d70d","metadata":{"@type":"type.googleapis.com/google.cloud.functions.v2.OperationMetadata","createTime":"2025-05-20T20:49:46.240874517Z","target":"projects/rnauth-5e5c0/locations/us-central1/functions/helloWorld","verb":"create","cancelRequested":false,"apiVersion":"v2"},"done":false}
[debug] [2025-05-20T20:49:48.262Z] [create-default-us-central1-helloWorld] Retrying task index 0
[debug] [2025-05-20T20:49:48.263Z] Checked if tokens are valid: true, expires at: 1747777687423
[debug] [2025-05-20T20:49:48.263Z] Checked if tokens are valid: true, expires at: 1747777687423
[debug] [2025-05-20T20:49:48.263Z] >>> [apiv2][query] GET https://cloudfunctions.googleapis.com/v2/projects/rnauth-5e5c0/locations/us-central1/operations/operation-1747774185146-63597637407fe-70a50510-5579d70d [none]
[debug] [2025-05-20T20:49:48.346Z] <<< [apiv2][status] GET https://cloudfunctions.googleapis.com/v2/projects/rnauth-5e5c0/locations/us-central1/operations/operation-1747774185146-63597637407fe-70a50510-5579d70d 200
[debug] [2025-05-20T20:49:48.346Z] <<< [apiv2][body] GET https://cloudfunctions.googleapis.com/v2/projects/rnauth-5e5c0/locations/us-central1/operations/operation-1747774185146-63597637407fe-70a50510-5579d70d {"name":"projects/rnauth-5e5c0/locations/us-central1/operations/operation-1747774185146-63597637407fe-70a50510-5579d70d","metadata":{"@type":"type.googleapis.com/google.cloud.functions.v2.OperationMetadata","createTime":"2025-05-20T20:49:46.240874517Z","target":"projects/rnauth-5e5c0/locations/us-central1/functions/helloWorld","verb":"create","cancelRequested":false,"apiVersion":"v2","requestResource":{"@type":"type.googleapis.com/google.cloud.functions.v2.Function","name":"projects/rnauth-5e5c0/locations/us-central1/functions/helloWorld","buildConfig":{"runtime":"nodejs22","entryPoint":"helloWorld","source":{"storageSource":{"bucket":"gcf-v2-sources-1086730568748-us-central1","object":"helloWorld/function-source.zip","generation":"1747774185875868"}},"environmentVariables":{"GOOGLE_NODE_RUN_SCRIPTS":""},"serviceAccount":"projects/rnauth-5e5c0/serviceAccounts/1086730568748-compute@developer.gserviceaccount.com","automaticUpdatePolicy":{}},"serviceConfig":{"service":"projects/rnauth-5e5c0/locations/us-central1/services/helloworld","timeoutSeconds":60,"environmentVariables":{"FIREBASE_CONFIG":"{\"projectId\":\"rnauth-5e5c0\",\"storageBucket\":\"rnauth-5e5c0.firebasestorage.app\"}","GCLOUD_PROJECT":"rnauth-5e5c0","EVENTARC_CLOUD_EVENT_SOURCE":"projects/rnauth-5e5c0/locations/us-central1/services/helloWorld","FUNCTION_TARGET":"helloWorld","LOG_EXECUTION_ID":"true"},"ingressSettings":"ALLOW_ALL","serviceAccountEmail":"1086730568748-compute@developer.gserviceaccount.com","availableMemory":"256Mi","maxInstanceRequestConcurrency":80,"availableCpu":"1"},"labels":{"deployment-tool":"cli-firebase","deployment-callable":"true","firebase-functions-hash":"cb340e89802951f87fd38522355e40af4850004f"},"environment":"GEN_2"},"stages":[{"name":"BUILD","state":"NOT_STARTED"},{"name":"SERVICE","state":"NOT_STARTED"}],"operationType":"CREATE_FUNCTION"},"done":false}
[debug] [2025-05-20T20:49:49.357Z] [create-default-us-central1-helloWorld] Retrying task index 0
[debug] [2025-05-20T20:49:49.358Z] Checked if tokens are valid: true, expires at: 1747777687423
[debug] [2025-05-20T20:49:49.358Z] Checked if tokens are valid: true, expires at: 1747777687423
[debug] [2025-05-20T20:49:49.358Z] >>> [apiv2][query] GET https://cloudfunctions.googleapis.com/v2/projects/rnauth-5e5c0/locations/us-central1/operations/operation-1747774185146-63597637407fe-70a50510-5579d70d [none]
[debug] [2025-05-20T20:49:49.443Z] <<< [apiv2][status] GET https://cloudfunctions.googleapis.com/v2/projects/rnauth-5e5c0/locations/us-central1/operations/operation-1747774185146-63597637407fe-70a50510-5579d70d 200
[debug] [2025-05-20T20:49:49.443Z] <<< [apiv2][body] GET https://cloudfunctions.googleapis.com/v2/projects/rnauth-5e5c0/locations/us-central1/operations/operation-1747774185146-63597637407fe-70a50510-5579d70d {"name":"projects/rnauth-5e5c0/locations/us-central1/operations/operation-1747774185146-63597637407fe-70a50510-5579d70d","metadata":{"@type":"type.googleapis.com/google.cloud.functions.v2.OperationMetadata","createTime":"2025-05-20T20:49:46.240874517Z","target":"projects/rnauth-5e5c0/locations/us-central1/functions/helloWorld","verb":"create","cancelRequested":false,"apiVersion":"v2","requestResource":{"@type":"type.googleapis.com/google.cloud.functions.v2.Function","name":"projects/rnauth-5e5c0/locations/us-central1/functions/helloWorld","buildConfig":{"runtime":"nodejs22","entryPoint":"helloWorld","source":{"storageSource":{"bucket":"gcf-v2-sources-1086730568748-us-central1","object":"helloWorld/function-source.zip","generation":"1747774185875868"}},"environmentVariables":{"GOOGLE_NODE_RUN_SCRIPTS":""},"serviceAccount":"projects/rnauth-5e5c0/serviceAccounts/1086730568748-compute@developer.gserviceaccount.com","automaticUpdatePolicy":{}},"serviceConfig":{"service":"projects/rnauth-5e5c0/locations/us-central1/services/helloworld","timeoutSeconds":60,"environmentVariables":{"FIREBASE_CONFIG":"{\"projectId\":\"rnauth-5e5c0\",\"storageBucket\":\"rnauth-5e5c0.firebasestorage.app\"}","GCLOUD_PROJECT":"rnauth-5e5c0","EVENTARC_CLOUD_EVENT_SOURCE":"projects/rnauth-5e5c0/locations/us-central1/services/helloWorld","FUNCTION_TARGET":"helloWorld","LOG_EXECUTION_ID":"true"},"ingressSettings":"ALLOW_ALL","serviceAccountEmail":"1086730568748-compute@developer.gserviceaccount.com","availableMemory":"256Mi","maxInstanceRequestConcurrency":80,"availableCpu":"1"},"labels":{"deployment-tool":"cli-firebase","deployment-callable":"true","firebase-functions-hash":"cb340e89802951f87fd38522355e40af4850004f"},"environment":"GEN_2"},"stages":[{"name":"BUILD","state":"NOT_STARTED"},{"name":"SERVICE","state":"NOT_STARTED"}],"operationType":"CREATE_FUNCTION"},"done":false}
[debug] [2025-05-20T20:49:51.444Z] [create-default-us-central1-helloWorld] Retrying task index 0
[debug] [2025-05-20T20:49:51.444Z] Checked if tokens are valid: true, expires at: 1747777687423
[debug] [2025-05-20T20:49:51.445Z] Checked if tokens are valid: true, expires at: 1747777687423
[debug] [2025-05-20T20:49:51.445Z] >>> [apiv2][query] GET https://cloudfunctions.googleapis.com/v2/projects/rnauth-5e5c0/locations/us-central1/operations/operation-1747774185146-63597637407fe-70a50510-5579d70d [none]
[debug] [2025-05-20T20:49:51.518Z] <<< [apiv2][status] GET https://cloudfunctions.googleapis.com/v2/projects/rnauth-5e5c0/locations/us-central1/operations/operation-1747774185146-63597637407fe-70a50510-5579d70d 200
[debug] [2025-05-20T20:49:51.519Z] <<< [apiv2][body] GET https://cloudfunctions.googleapis.com/v2/projects/rnauth-5e5c0/locations/us-central1/operations/operation-1747774185146-63597637407fe-70a50510-5579d70d {"name":"projects/rnauth-5e5c0/locations/us-central1/operations/operation-1747774185146-63597637407fe-70a50510-5579d70d","metadata":{"@type":"type.googleapis.com/google.cloud.functions.v2.OperationMetadata","createTime":"2025-05-20T20:49:46.240874517Z","target":"projects/rnauth-5e5c0/locations/us-central1/functions/helloWorld","verb":"create","cancelRequested":false,"apiVersion":"v2","requestResource":{"@type":"type.googleapis.com/google.cloud.functions.v2.Function","name":"projects/rnauth-5e5c0/locations/us-central1/functions/helloWorld","buildConfig":{"runtime":"nodejs22","entryPoint":"helloWorld","source":{"storageSource":{"bucket":"gcf-v2-sources-1086730568748-us-central1","object":"helloWorld/function-source.zip","generation":"1747774185875868"}},"environmentVariables":{"GOOGLE_NODE_RUN_SCRIPTS":""},"serviceAccount":"projects/rnauth-5e5c0/serviceAccounts/1086730568748-compute@developer.gserviceaccount.com","automaticUpdatePolicy":{}},"serviceConfig":{"service":"projects/rnauth-5e5c0/locations/us-central1/services/helloworld","timeoutSeconds":60,"environmentVariables":{"FIREBASE_CONFIG":"{\"projectId\":\"rnauth-5e5c0\",\"storageBucket\":\"rnauth-5e5c0.firebasestorage.app\"}","GCLOUD_PROJECT":"rnauth-5e5c0","EVENTARC_CLOUD_EVENT_SOURCE":"projects/rnauth-5e5c0/locations/us-central1/services/helloWorld","FUNCTION_TARGET":"helloWorld","LOG_EXECUTION_ID":"true"},"ingressSettings":"ALLOW_ALL","serviceAccountEmail":"1086730568748-compute@developer.gserviceaccount.com","availableMemory":"256Mi","maxInstanceRequestConcurrency":80,"availableCpu":"1"},"labels":{"deployment-tool":"cli-firebase","deployment-callable":"true","firebase-functions-hash":"cb340e89802951f87fd38522355e40af4850004f"},"environment":"GEN_2"},"stages":[{"name":"BUILD","state":"NOT_STARTED"},{"name":"SERVICE","state":"NOT_STARTED"}],"operationType":"CREATE_FUNCTION"},"done":false}
[debug] [2025-05-20T20:49:55.524Z] [create-default-us-central1-helloWorld] Retrying task index 0
[debug] [2025-05-20T20:49:55.525Z] Checked if tokens are valid: true, expires at: 1747777687423
[debug] [2025-05-20T20:49:55.526Z] Checked if tokens are valid: true, expires at: 1747777687423
[debug] [2025-05-20T20:49:55.526Z] >>> [apiv2][query] GET https://cloudfunctions.googleapis.com/v2/projects/rnauth-5e5c0/locations/us-central1/operations/operation-1747774185146-63597637407fe-70a50510-5579d70d [none]
[debug] [2025-05-20T20:49:55.607Z] <<< [apiv2][status] GET https://cloudfunctions.googleapis.com/v2/projects/rnauth-5e5c0/locations/us-central1/operations/operation-1747774185146-63597637407fe-70a50510-5579d70d 200
[debug] [2025-05-20T20:49:55.607Z] <<< [apiv2][body] GET https://cloudfunctions.googleapis.com/v2/projects/rnauth-5e5c0/locations/us-central1/operations/operation-1747774185146-63597637407fe-70a50510-5579d70d {"name":"projects/rnauth-5e5c0/locations/us-central1/operations/operation-1747774185146-63597637407fe-70a50510-5579d70d","metadata":{"@type":"type.googleapis.com/google.cloud.functions.v2.OperationMetadata","createTime":"2025-05-20T20:49:46.240874517Z","target":"projects/rnauth-5e5c0/locations/us-central1/functions/helloWorld","verb":"create","cancelRequested":false,"apiVersion":"v2","requestResource":{"@type":"type.googleapis.com/google.cloud.functions.v2.Function","name":"projects/rnauth-5e5c0/locations/us-central1/functions/helloWorld","buildConfig":{"runtime":"nodejs22","entryPoint":"helloWorld","source":{"storageSource":{"bucket":"gcf-v2-sources-1086730568748-us-central1","object":"helloWorld/function-source.zip","generation":"1747774185875868"}},"environmentVariables":{"GOOGLE_NODE_RUN_SCRIPTS":""},"serviceAccount":"projects/rnauth-5e5c0/serviceAccounts/1086730568748-compute@developer.gserviceaccount.com","automaticUpdatePolicy":{}},"serviceConfig":{"service":"projects/rnauth-5e5c0/locations/us-central1/services/helloworld","timeoutSeconds":60,"environmentVariables":{"FIREBASE_CONFIG":"{\"projectId\":\"rnauth-5e5c0\",\"storageBucket\":\"rnauth-5e5c0.firebasestorage.app\"}","GCLOUD_PROJECT":"rnauth-5e5c0","EVENTARC_CLOUD_EVENT_SOURCE":"projects/rnauth-5e5c0/locations/us-central1/services/helloWorld","FUNCTION_TARGET":"helloWorld","LOG_EXECUTION_ID":"true"},"ingressSettings":"ALLOW_ALL","serviceAccountEmail":"1086730568748-compute@developer.gserviceaccount.com","availableMemory":"256Mi","maxInstanceRequestConcurrency":80,"availableCpu":"1"},"labels":{"deployment-tool":"cli-firebase","deployment-callable":"true","firebase-functions-hash":"cb340e89802951f87fd38522355e40af4850004f"},"environment":"GEN_2"},"stages":[{"name":"BUILD","state":"NOT_STARTED"},{"name":"SERVICE","state":"NOT_STARTED"}],"operationType":"CREATE_FUNCTION"},"done":false}
[debug] [2025-05-20T20:50:03.621Z] [create-default-us-central1-helloWorld] Retrying task index 0
[debug] [2025-05-20T20:50:03.621Z] Checked if tokens are valid: true, expires at: 1747777687423
[debug] [2025-05-20T20:50:03.621Z] Checked if tokens are valid: true, expires at: 1747777687423
[debug] [2025-05-20T20:50:03.622Z] >>> [apiv2][query] GET https://cloudfunctions.googleapis.com/v2/projects/rnauth-5e5c0/locations/us-central1/operations/operation-1747774185146-63597637407fe-70a50510-5579d70d [none]
[debug] [2025-05-20T20:50:03.770Z] <<< [apiv2][status] GET https://cloudfunctions.googleapis.com/v2/projects/rnauth-5e5c0/locations/us-central1/operations/operation-1747774185146-63597637407fe-70a50510-5579d70d 200
[debug] [2025-05-20T20:50:03.770Z] <<< [apiv2][body] GET https://cloudfunctions.googleapis.com/v2/projects/rnauth-5e5c0/locations/us-central1/operations/operation-1747774185146-63597637407fe-70a50510-5579d70d {"name":"projects/rnauth-5e5c0/locations/us-central1/operations/operation-1747774185146-63597637407fe-70a50510-5579d70d","metadata":{"@type":"type.googleapis.com/google.cloud.functions.v2.OperationMetadata","createTime":"2025-05-20T20:49:46.240874517Z","endTime":"2025-05-20T20:49:58.898501290Z","target":"projects/rnauth-5e5c0/locations/us-central1/functions/helloWorld","verb":"create","cancelRequested":false,"apiVersion":"v2","requestResource":{"@type":"type.googleapis.com/google.cloud.functions.v2.Function","name":"projects/rnauth-5e5c0/locations/us-central1/functions/helloWorld","buildConfig":{"runtime":"nodejs22","entryPoint":"helloWorld","source":{"storageSource":{"bucket":"gcf-v2-sources-1086730568748-us-central1","object":"helloWorld/function-source.zip","generation":"1747774185875868"}},"environmentVariables":{"GOOGLE_NODE_RUN_SCRIPTS":""},"serviceAccount":"projects/rnauth-5e5c0/serviceAccounts/1086730568748-compute@developer.gserviceaccount.com","automaticUpdatePolicy":{}},"serviceConfig":{"service":"projects/rnauth-5e5c0/locations/us-central1/services/helloworld","timeoutSeconds":60,"environmentVariables":{"FIREBASE_CONFIG":"{\"projectId\":\"rnauth-5e5c0\",\"storageBucket\":\"rnauth-5e5c0.firebasestorage.app\"}","GCLOUD_PROJECT":"rnauth-5e5c0","EVENTARC_CLOUD_EVENT_SOURCE":"projects/rnauth-5e5c0/locations/us-central1/services/helloWorld","FUNCTION_TARGET":"helloWorld","LOG_EXECUTION_ID":"true"},"ingressSettings":"ALLOW_ALL","serviceAccountEmail":"1086730568748-compute@developer.gserviceaccount.com","availableMemory":"256Mi","maxInstanceRequestConcurrency":80,"availableCpu":"1"},"labels":{"deployment-tool":"cli-firebase","deployment-callable":"true","firebase-functions-hash":"cb340e89802951f87fd38522355e40af4850004f"},"environment":"GEN_2"},"stages":[{"name":"ARTIFACT_REGISTRY","message":"Deleting function artifacts in Artifact Registry","state":"COMPLETE"},{"name":"SERVICE","message":"Deleting Cloud Run service","state":"COMPLETE","resource":"projects/rnauth-5e5c0/locations/us-central1/services/helloworld"}],"operationType":"CREATE_FUNCTION"},"done":true,"error":{"code":13,"message":"Could not build the function. "}}
[debug] [2025-05-20T20:50:03.770Z] Got source token undefined for region us-central1
[error] Could not build the function. 
[debug] [2025-05-20T20:50:03.788Z] Total Function Deployment time: 17335
[debug] [2025-05-20T20:50:03.788Z] 1 Functions Deployed
[debug] [2025-05-20T20:50:03.789Z] 1 Functions Errored
[debug] [2025-05-20T20:50:03.789Z] 0 Function Deployments Aborted
[debug] [2025-05-20T20:50:03.789Z] Average Function Deployment time: 17333
[info] 
[info] Functions deploy had errors with the following functions:
	helloWorld(us-central1)
[debug] [2025-05-20T20:50:03.902Z] Checked if tokens are valid: true, expires at: 1747777687423
[debug] [2025-05-20T20:50:03.902Z] Checked if tokens are valid: true, expires at: 1747777687423
[debug] [2025-05-20T20:50:03.902Z] >>> [apiv2][query] GET https://artifactregistry.googleapis.com/v1/projects/rnauth-5e5c0/locations/us-central1/repositories/gcf-artifacts [none]
[debug] [2025-05-20T20:50:04.136Z] <<< [apiv2][status] GET https://artifactregistry.googleapis.com/v1/projects/rnauth-5e5c0/locations/us-central1/repositories/gcf-artifacts 200
[debug] [2025-05-20T20:50:04.136Z] <<< [apiv2][body] GET https://artifactregistry.googleapis.com/v1/projects/rnauth-5e5c0/locations/us-central1/repositories/gcf-artifacts {"name":"projects/rnauth-5e5c0/locations/us-central1/repositories/gcf-artifacts","format":"DOCKER","description":"This repository is created and used by Cloud Functions for storing function docker images.","labels":{"goog-managed-by":"cloudfunctions"},"createTime":"2025-05-20T20:49:54.927293Z","updateTime":"2025-05-20T20:49:54.927293Z","mode":"STANDARD_REPOSITORY","vulnerabilityScanningConfig":{"lastEnableTime":"2025-05-20T20:49:46.419651200Z","enablementState":"SCANNING_DISABLED","enablementStateReason":"API containerscanning.googleapis.com is not enabled."},"satisfiesPzi":true,"registryUri":"us-central1-docker.pkg.dev/rnauth-5e5c0/gcf-artifacts"}
[warn] !  functions: No cleanup policy detected for repositories in us-central1. This may result in a small monthly bill as container images accumulate over time. 
[info] i  functions: Configuring cleanup policy for repository in us-central1. Images older than 1 days will be automatically deleted. 
[debug] [2025-05-20T20:51:45.752Z] Setting up artifact cleanup policy for region us-central1
[debug] [2025-05-20T20:51:45.754Z] Checked if tokens are valid: true, expires at: 1747777687423
[debug] [2025-05-20T20:51:45.754Z] Checked if tokens are valid: true, expires at: 1747777687423
[debug] [2025-05-20T20:51:45.754Z] >>> [apiv2][query] PATCH https://artifactregistry.googleapis.com/v1/projects/rnauth-5e5c0/locations/us-central1/repositories/gcf-artifacts updateMask=name%2CcleanupPolicies%2CcleanupPolicyDryRun%2Clabels
[debug] [2025-05-20T20:51:45.754Z] >>> [apiv2][body] PATCH https://artifactregistry.googleapis.com/v1/projects/rnauth-5e5c0/locations/us-central1/repositories/gcf-artifacts {"name":"projects/rnauth-5e5c0/locations/us-central1/repositories/gcf-artifacts","cleanupPolicies":{"firebase-functions-cleanup":{"id":"firebase-functions-cleanup","condition":{"tagState":"ANY","olderThan":"86400s"},"action":"DELETE"}},"cleanupPolicyDryRun":false,"labels":{"goog-managed-by":"cloudfunctions"}}
[debug] [2025-05-20T20:51:46.024Z] <<< [apiv2][status] PATCH https://artifactregistry.googleapis.com/v1/projects/rnauth-5e5c0/locations/us-central1/repositories/gcf-artifacts 200
[debug] [2025-05-20T20:51:46.024Z] <<< [apiv2][body] PATCH https://artifactregistry.googleapis.com/v1/projects/rnauth-5e5c0/locations/us-central1/repositories/gcf-artifacts {"name":"projects/rnauth-5e5c0/locations/us-central1/repositories/gcf-artifacts","format":"DOCKER","description":"This repository is created and used by Cloud Functions for storing function docker images.","labels":{"goog-managed-by":"cloudfunctions"},"createTime":"2025-05-20T20:49:54.927293Z","updateTime":"2025-05-20T20:51:44.583671Z","mode":"STANDARD_REPOSITORY","cleanupPolicies":{"firebase-functions-cleanup":{"id":"firebase-functions-cleanup","action":"DELETE","condition":{"tagState":"ANY","olderThan":"86400s"}}},"vulnerabilityScanningConfig":{"lastEnableTime":"2025-05-20T20:49:46.419651200Z","enablementState":"SCANNING_DISABLED","enablementStateReason":"API containerscanning.googleapis.com is not enabled."},"satisfiesPzi":true}
[info] i  functions: Configured cleanup policy for repository in us-central1. 
[debug] [2025-05-20T20:51:46.025Z] Functions deploy failed.
[debug] [2025-05-20T20:51:46.026Z] {
  "endpoint": {
    "id": "helloWorld",
    "project": "rnauth-5e5c0",
    "region": "us-central1",
    "entryPoint": "helloWorld",
    "platform": "gcfv2",
    "runtime": "nodejs22",
    "callableTrigger": {},
    "labels": {
      "deployment-tool": "cli-firebase"
    },
    "serviceAccount": null,
    "ingressSettings": null,
    "availableMemoryMb": null,
    "timeoutSeconds": null,
    "maxInstances": null,
    "minInstances": null,
    "concurrency": 80,
    "vpc": null,
    "environmentVariables": {
      "FIREBASE_CONFIG": "{\"projectId\":\"rnauth-5e5c0\",\"storageBucket\":\"rnauth-5e5c0.firebasestorage.app\"}",
      "GCLOUD_PROJECT": "rnauth-5e5c0",
      "EVENTARC_CLOUD_EVENT_SOURCE": "projects/rnauth-5e5c0/locations/us-central1/services/helloWorld"
    },
    "codebase": "default",
    "cpu": 1,
    "targetedByOnly": false,
    "hash": "cb340e89802951f87fd38522355e40af4850004f"
  },
  "op": "create",
  "original": {
    "name": "FirebaseError",
    "children": [],
    "exit": 1,
    "message": "Could not build the function. ",
    "original": {
      "code": 13,
      "message": "Could not build the function. "
    },
    "status": 13,
    "code": 13
  }
}
[debug] [2025-05-20T20:51:46.152Z] Error: Failed to create function helloWorld in region us-central1
    at C:\Users\Khadka\AppData\Roaming\npm\node_modules\firebase-tools\lib\deploy\functions\release\fabricator.js:294:27
    at process.processTicksAndRejections (node:internal/process/task_queues:105:5)
    at async Fabricator.createV2Function (C:\Users\Khadka\AppData\Roaming\npm\node_modules\firebase-tools\lib\deploy\functions\release\fabricator.js:278:30)
    at async Fabricator.createEndpoint (C:\Users\Khadka\AppData\Roaming\npm\node_modules\firebase-tools\lib\deploy\functions\release\fabricator.js:137:13)
    at async handle (C:\Users\Khadka\AppData\Roaming\npm\node_modules\firebase-tools\lib\deploy\functions\release\fabricator.js:89:17)
[error] 
[error] Error: There was an error deploying functions
